================================================================
======== txAdmin v8.1.1 atop fxserver 32561 Starting - 7/16/2026, 11:04:44 PM
================================================================
================================================================
======== Log Rotated - 7/16/2026, 11:04:47 PM                   
================================================================
[23:05:04][Cosmi_fall] logged in from 127.0.0.1 via cfxre auth
[23:54:15][Cosmi_fall] Ensured resource "qb-core"
[23:55:29][Cosmi_fall] Ensured resource "qb-core"
[23:55:47][Cosmi_fall] executed "RESTART SERVER"
[00:19:13][Cosmi_fall] Ensured resource "qb-dumpstersearch"
[00:26:26][Cosmi_fall] Ensured resource "qb-dumpstersearch"
[00:31:06][Cosmi_fall] Ensured resource "qb-dumpstersearch"
[00:33:39][Cosmi_fall] Ensured resource "qb-dumpstersearch"
[00:36:52][Cosmi_fall] Ensured resource "qb-dumpstersearch"
[00:37:42][Cosmi_fall] Ensured resource "qb-dumpstersearch"
[00:40:18][Cosmi_fall] Ensured resource "qb-dumpstersearch"
[00:43:07][Cosmi_fall] Ensured resource "qb-dumpstersearch"
[00:44:50][Cosmi_fall] Ensured resource "qb-dumpstersearch"
[01:11:52][Cosmi_fall] Ensured resource "qb-dumpstersearch"
================================================================
======== txAdmin v8.1.1 atop fxserver 32561 Starting - 7/17/2026, 1:13:17 AM
================================================================
[01:13:41][Cosmi_fall] logged in from 127.0.0.1 via cfxre auth
