================================================================
======== Log Rotated - 7/17/2026, 12:00:00 AM                   
================================================================
[      script:qb-core] [qb-core:LOG] BoldFish6917 PLAYER SAVED!
[      script:qb-core] [qb-core:LOG] BoldFish6917 PLAYER SAVED!
[      script:qb-core] [qb-core:LOG] BoldFish6917 PLAYER SAVED!
[      script:qb-core] [qb-core:LOG] BoldFish6917 PLAYER SAVED!
║          Cosmi_fall║ ensure "qb-dumpstersearch"
║             TXADMIN║ txaReportResources 
[           resources] Stopping resource qb-dumpstersearch
[    c-scripting-core] Creating script environments for qb-dumpstersearch
[           resources] Started resource qb-dumpstersearch
[      script:monitor] [txAdmin] Sending resources list to txAdmin.
[      script:qb-core] [qb-core:LOG] BoldFish6917 PLAYER SAVED!
║          Cosmi_fall║ ensure "qb-dumpstersearch"
║             TXADMIN║ txaReportResources 
[           resources] Stopping resource qb-dumpstersearch
[    c-scripting-core] Creating script environments for qb-dumpstersearch
[           resources] Started resource qb-dumpstersearch
[      script:monitor] [txAdmin] Sending resources list to txAdmin.
[      script:qb-core] [qb-core:LOG] BoldFish6917 PLAYER SAVED!
║          Cosmi_fall║ ensure "qb-dumpstersearch"
║             TXADMIN║ txaReportResources 
[           resources] Stopping resource qb-dumpstersearch
[    c-scripting-core] Creating script environments for qb-dumpstersearch
[           resources] Started resource qb-dumpstersearch
[      script:monitor] [txAdmin] Sending resources list to txAdmin.
[      script:qb-core] [qb-core:LOG] BoldFish6917 PLAYER SAVED!
║          Cosmi_fall║ ensure "qb-dumpstersearch"
║             TXADMIN║ txaReportResources 
[           resources] Stopping resource qb-dumpstersearch
[    c-scripting-core] Creating script environments for qb-dumpstersearch
[           resources] Started resource qb-dumpstersearch
[      script:monitor] [txAdmin] Sending resources list to txAdmin.
║          Cosmi_fall║ ensure "qb-dumpstersearch"
║             TXADMIN║ txaReportResources 
[           resources] Stopping resource qb-dumpstersearch
[    c-scripting-core] Creating script environments for qb-dumpstersearch
[script:qb-dumpsterse] SCRIPT ERROR: @qb-dumpstersearch/config.lua:12: attempt to index a nil value (global 'config')
[           resources] Started resource qb-dumpstersearch
[      script:monitor] [txAdmin] Sending resources list to txAdmin.
[      script:qb-core] [qb-core:LOG] BoldFish6917 PLAYER SAVED!
║          Cosmi_fall║ ensure "qb-dumpstersearch"
║             TXADMIN║ txaReportResources 
[           resources] Stopping resource qb-dumpstersearch
[    c-scripting-core] Creating script environments for qb-dumpstersearch
[           resources] Started resource qb-dumpstersearch
[      script:monitor] [txAdmin] Sending resources list to txAdmin.
║          Cosmi_fall║ ensure "qb-dumpstersearch"
║             TXADMIN║ txaReportResources 
[           resources] Stopping resource qb-dumpstersearch
[    c-scripting-core] Creating script environments for qb-dumpstersearch
[           resources] Started resource qb-dumpstersearch
[      script:monitor] [txAdmin] Sending resources list to txAdmin.
[      script:qb-core] [qb-core:LOG] BoldFish6917 PLAYER SAVED!
║          Cosmi_fall║ ensure "qb-dumpstersearch"
║             TXADMIN║ txaReportResources 
[           resources] Stopping resource qb-dumpstersearch
[    c-scripting-core] Creating script environments for qb-dumpstersearch
[           resources] Started resource qb-dumpstersearch
[      script:monitor] [txAdmin] Sending resources list to txAdmin.
║          Cosmi_fall║ ensure "qb-dumpstersearch"
║             TXADMIN║ txaReportResources 
[           resources] Stopping resource qb-dumpstersearch
[    c-scripting-core] Creating script environments for qb-dumpstersearch
[           resources] Started resource qb-dumpstersearch
[      script:monitor] [txAdmin] Sending resources list to txAdmin.
[      script:qb-core] [qb-core:LOG] BoldFish6917 PLAYER SAVED!
[      script:qb-core] [qb-core:LOG] BoldFish6917 PLAYER SAVED!
[      script:qb-core] [qb-core:LOG] BoldFish6917 PLAYER SAVED!
[      script:qb-core] [qb-core:LOG] BoldFish6917 PLAYER SAVED!
[      script:qb-core] [qb-core:LOG] BoldFish6917 PLAYER SAVED!
║             TXADMIN║ txaReportResources 
[      script:monitor] [txAdmin] Sending resources list to txAdmin.
║          Cosmi_fall║ ensure "qb-dumpstersearch"
[           resources] Stopping resource qb-dumpstersearch
[    c-scripting-core] Creating script environments for qb-dumpstersearch
║             TXADMIN║ txaReportResources 
[           resources] Started resource qb-dumpstersearch
[      script:monitor] [txAdmin] Sending resources list to txAdmin.
║             TXADMIN║ txaReportResources 
[      script:monitor] [txAdmin] Sending resources list to txAdmin.
[      script:qb-core] [qb-core:LOG] BoldFish6917 PLAYER SAVED!
