================================================================
======== txAdmin v8.1.1 atop fxserver 32561 Starting - 7/14/2026, 5:57:38 PM
================================================================
[6:34:21 PM] txAdmin: Logger started
[6:41:25 PM] txAdmin: Logger started
[6:46:10 PM] [7NNXD#1] BoldFish6917: joined with identifiers [license:fd3a…8b47, discord:2986…0832, fivem:916320, license2:fd3a…8b47]
[6:48:20 PM] [7NNXD#1] BoldFish6917: healed themself
[6:52:19 PM] txAdmin: Logger started
[6:53:10 PM] [fLThf#1] BoldFish6917: joined with identifiers [license:fd3a…8b47, discord:2986…0832, fivem:916320, license2:fd3a…8b47]
[6:54:00 PM] [fLThf#1] BoldFish6917: healed themself
[6:54:10 PM] [fLThf#1] BoldFish6917: enabled noclip
[6:54:26 PM] [fLThf#1] BoldFish6917: became mortal (standard mode)
[6:55:50 PM] [fLThf#1] BoldFish6917: enabled noclip
[6:56:07 PM] [fLThf#1] BoldFish6917: became mortal (standard mode)
[6:57:30 PM] [fLThf#1] BoldFish6917: enabled noclip
[6:57:59 PM] [fLThf#1] BoldFish6917: became mortal (standard mode)
[7:06:27 PM] [fLThf#1] BoldFish6917: teleported to a waypoint
[7:07:28 PM] [fLThf#1] BoldFish6917: teleported to a waypoint
[7:11:05 PM] [fLThf#1] BoldFish6917: teleported to a waypoint
[7:11:32 PM] [fLThf#1] BoldFish6917: teleported to a waypoint
[7:13:08 PM] [fLThf#1] BoldFish6917: teleported to a waypoint
[7:15:03 PM] [fLThf#1] BoldFish6917: disconnected (Exiting)
[8:11:15 PM] [fLThf#2] BoldFish6917: joined with identifiers [license:fd3a…8b47, discord:2986…0832, fivem:916320, license2:fd3a…8b47]
[8:12:18 PM] [fLThf#2] BoldFish6917: teleported to a waypoint
[8:12:29 PM] [fLThf#2] BoldFish6917: disconnected (Exiting)
[8:12:42 PM] txAdmin: Logger started
[8:14:00 PM] [7eJPP#1] BoldFish6917: joined with identifiers [license:fd3a…8b47, discord:2986…0832, fivem:916320, license2:fd3a…8b47]
[8:18:58 PM] [7eJPP#1] BoldFish6917: disconnected (Exiting)
[8:36:06 PM] txAdmin: Logger started
[8:36:42 PM] [wpkUV#1] BoldFish6917: joined with identifiers [license:fd3a…8b47, discord:2986…0832, fivem:916320, license2:fd3a…8b47]
[8:39:30 PM] [wpkUV#1] BoldFish6917: teleported to a waypoint
[8:43:54 PM] [wpkUV#1] BoldFish6917: disconnected (Exiting)
[8:49:34 PM] txAdmin: Logger started
[8:50:22 PM] [hRfd6#1] BoldFish6917: joined with identifiers [license:fd3a…8b47, discord:2986…0832, fivem:916320, license2:fd3a…8b47]
[8:54:16 PM] [hRfd6#1] BoldFish6917: disconnected (Exiting)
[8:54:28 PM] txAdmin: Logger started
[8:55:07 PM] [E4aY4#1] BoldFish6917: joined with identifiers [license:fd3a…8b47, discord:2986…0832, fivem:916320, license2:fd3a…8b47]
[9:00:39 PM] [E4aY4#1] BoldFish6917: disconnected (Exiting)
[9:00:53 PM] txAdmin: Logger started
[9:01:25 PM] [JYfbD#1] BoldFish6917: joined with identifiers [license:fd3a…8b47, discord:2986…0832, fivem:916320, license2:fd3a…8b47]
[9:04:27 PM] [JYfbD#1] BoldFish6917: disconnected (Exiting)
[9:04:39 PM] txAdmin: Logger started
[9:05:48 PM] [UAhww#1] BoldFish6917: joined with identifiers [license:fd3a…8b47, discord:2986…0832, fivem:916320, license2:fd3a…8b47]
[9:08:14 PM] [UAhww#1] BoldFish6917: teleported to a waypoint
[9:08:20 PM] [UAhww#1] BoldFish6917: healed themself
[9:21:36 PM] [UAhww#1] BoldFish6917: spawned a vehicle (model: sultan)
[9:33:06 PM] [UAhww#1] BoldFish6917: spawned a vehicle (model: banshee)
[9:34:01 PM] [UAhww#1] BoldFish6917: spawned a vehicle (model: sandking)
[9:35:45 PM] [UAhww#1] BoldFish6917: spawned a vehicle (model: sandking)
[9:37:28 PM] [UAhww#1] BoldFish6917: spawned a vehicle (model: buffalo)
[9:38:16 PM] [UAhww#1] BoldFish6917: spawned a vehicle (model: washington)
[9:39:31 PM] [UAhww#1] BoldFish6917: spawned a vehicle (model: sentinel)
[9:41:58 PM] [UAhww#1] BoldFish6917: spawned a vehicle (model: prairie)
[9:43:18 PM] [UAhww#1] BoldFish6917: teleported to a waypoint
[9:54:38 PM] [UAhww#1] BoldFish6917: teleported to coordinates (x=-594.703, y=-1616.365, z=33.011)
[10:12:55 PM] [UAhww#1] BoldFish6917: teleported to coordinates (x=-197.040, y=-1312.420, z=31.090)
[10:13:17 PM] [UAhww#1] BoldFish6917: enabled noclip
[10:13:23 PM] [UAhww#1] BoldFish6917: became mortal (standard mode)
[10:14:10 PM] [UAhww#1] BoldFish6917: enabled noclip
[10:15:14 PM] [UAhww#1] BoldFish6917: became mortal (standard mode)
[10:26:04 PM] [UAhww#1] BoldFish6917: healed themself
[10:48:24 PM] [UAhww#1] BoldFish6917: disconnected (Exiting)
[10:48:39 PM] txAdmin: Logger started
[10:49:28 PM] [wYFz6#1] BoldFish6917: joined with identifiers [license:fd3a…8b47, discord:2986…0832, fivem:916320, license2:fd3a…8b47]
[10:51:03 PM] [wYFz6#1] BoldFish6917: healed themself
[10:56:09 PM] [wYFz6#1] BoldFish6917: teleported to a waypoint
[11:03:31 PM] [wYFz6#1] BoldFish6917: disconnected (Exiting)
[11:03:47 PM] txAdmin: Logger started
[11:04:29 PM] [3wdBB#1] BoldFish6917: joined with identifiers [license:fd3a…8b47, discord:2986…0832, fivem:916320, license2:fd3a…8b47]
[11:05:12 PM] [3wdBB#1] BoldFish6917: healed themself
[11:12:29 PM] [3wdBB#1] BoldFish6917: spawned a vehicle (model: buzzard2)
[11:20:00 PM] [3wdBB#1] BoldFish6917: teleported to coordinates (x=752.310, y=-997.240, z=-47.000)
[11:20:03 PM] [3wdBB#1] BoldFish6917: enabled noclip
[11:20:16 PM] [3wdBB#1] BoldFish6917: became mortal (standard mode)
[11:24:49 PM] [3wdBB#1] BoldFish6917: disconnected (Exiting)
[11:25:02 PM] txAdmin: Logger started
[11:25:33 PM] [XiLRG#1] BoldFish6917: joined with identifiers [license:fd3a…8b47, discord:2986…0832, fivem:916320, license2:fd3a…8b47]
[11:28:34 PM] [XiLRG#1] BoldFish6917: disconnected (Exiting)
[11:30:58 PM] txAdmin: Logger started
[11:31:31 PM] [Rin73#1] BoldFish6917: joined with identifiers [license:fd3a…8b47, discord:2986…0832, fivem:916320, license2:fd3a…8b47]
[11:33:22 PM] [Rin73#1] BoldFish6917: said "/craftingrep"
[11:35:03 PM] [Rin73#1] BoldFish6917: disconnected (Exiting)
[11:35:18 PM] txAdmin: Logger started
[11:36:43 PM] [yncrK#1] BoldFish6917: joined with identifiers [license:fd3a…8b47, discord:2986…0832, fivem:916320, license2:fd3a…8b47]
[11:42:05 PM] [yncrK#1] BoldFish6917: disconnected (Exiting)
[11:42:17 PM] txAdmin: Logger started
[11:42:49 PM] [cWMdN#1] BoldFish6917: joined with identifiers [license:fd3a…8b47, discord:2986…0832, fivem:916320, license2:fd3a…8b47]
[11:52:58 PM] [cWMdN#1] BoldFish6917: disconnected (Exiting)
[11:53:14 PM] txAdmin: Logger started
[11:53:43 PM] [MxAHi#1] BoldFish6917: joined with identifiers [license:fd3a…8b47, discord:2986…0832, fivem:916320, license2:fd3a…8b47]
[11:56:23 PM] [MxAHi#1] BoldFish6917: healed themself
[11:57:03 PM] [MxAHi#1] BoldFish6917: disconnected (Exiting)
[11:57:18 PM] txAdmin: Logger started
[11:57:48 PM] [j8W3w#1] BoldFish6917: joined with identifiers [license:fd3a…8b47, discord:2986…0832, fivem:916320, license2:fd3a…8b47]
