================================================================
======== Log Rotated - 7/15/2026, 12:00:00 AM                   
================================================================
[12:01:55 AM] [j8W3w#1] BoldFish6917: disconnected (Exiting)
[12:02:09 AM] txAdmin: Logger started
[12:02:45 AM] [L6cn7#1] BoldFish6917: joined with identifiers [license:fd3a…8b47, discord:2986…0832, fivem:916320, license2:fd3a…8b47]
[12:05:27 AM] [L6cn7#1] BoldFish6917: disconnected (Disconnected.)
[12:05:45 AM] txAdmin: Logger started
[12:06:32 AM] [fa3PK#1] BoldFish6917: joined with identifiers [license:fd3a…8b47, discord:2986…0832, fivem:916320, license2:fd3a…8b47]
[12:07:36 AM] [fa3PK#1] BoldFish6917: disconnected (Exiting)
[12:07:50 AM] txAdmin: Logger started
[12:08:20 AM] [xc8tT#1] BoldFish6917: joined with identifiers [license:fd3a…8b47, discord:2986…0832, fivem:916320, license2:fd3a…8b47]
[12:09:06 AM] [xc8tT#1] BoldFish6917: healed themself
[12:10:34 AM] txAdmin: Logger started
[12:11:18 AM] [RzfNT#1] BoldFish6917: joined with identifiers [license:fd3a…8b47, discord:2986…0832, fivem:916320, license2:fd3a…8b47]
[12:12:13 AM] [RzfNT#1] BoldFish6917: disconnected (Exiting)
[12:12:25 AM] txAdmin: Logger started
[12:12:58 AM] [rF7zj#1] BoldFish6917: joined with identifiers [license:fd3a…8b47, discord:2986…0832, fivem:916320, license2:fd3a…8b47]
[12:16:53 AM] txAdmin: Logger started
[12:17:24 AM] [rtKEJ#1] BoldFish6917: joined with identifiers [license:fd3a…8b47, discord:2986…0832, fivem:916320, license2:fd3a…8b47]
[12:18:37 AM] [rtKEJ#1] BoldFish6917: teleported to a waypoint
[12:22:55 AM] txAdmin: Logger started
[12:23:33 AM] [LxwPg#1] BoldFish6917: joined with identifiers [license:fd3a…8b47, discord:2986…0832, fivem:916320, license2:fd3a…8b47]
[12:24:33 AM] [LxwPg#1] BoldFish6917: healed themself
[12:30:52 AM] [LxwPg#1] BoldFish6917: enabled noclip
[12:33:33 AM] [LxwPg#1] BoldFish6917: became mortal (standard mode)
[12:38:52 AM] [LxwPg#1] BoldFish6917: teleported to a waypoint
[12:46:33 AM] [LxwPg#1] BoldFish6917: teleported to coordinates (x=2835.240, y=1505.680, z=24.720)
[12:46:50 AM] [LxwPg#1] BoldFish6917: healed themself
[12:49:54 AM] [LxwPg#1] BoldFish6917: teleported to a waypoint
[12:50:00 AM] [LxwPg#1] BoldFish6917: enabled noclip
[12:50:01 AM] [LxwPg#1] BoldFish6917: became mortal (standard mode)
[12:55:31 AM] [LxwPg#1] BoldFish6917: enabled noclip
[12:55:32 AM] [LxwPg#1] BoldFish6917: became mortal (standard mode)
[12:59:04 AM] [LxwPg#1] BoldFish6917: enabled noclip
[12:59:05 AM] [LxwPg#1] BoldFish6917: became mortal (standard mode)
[12:59:38 AM] [LxwPg#1] BoldFish6917: healed themself
[1:07:39 AM] [LxwPg#1] BoldFish6917: enabled noclip
[1:07:49 AM] [LxwPg#1] BoldFish6917: became mortal (standard mode)
[1:14:24 AM] [LxwPg#1] BoldFish6917: enabled noclip
[1:14:25 AM] [LxwPg#1] BoldFish6917: became mortal (standard mode)
[1:16:45 AM] [LxwPg#1] BoldFish6917: healed themself
[1:25:05 AM] [LxwPg#1] BoldFish6917: disconnected (Exiting)
[1:25:18 AM] txAdmin: Logger started
[1:26:35 AM] [Q9ARF#1] BoldFish6917: joined with identifiers [license:fd3a…8b47, discord:2986…0832, fivem:916320, license2:fd3a…8b47]
[1:27:17 AM] [Q9ARF#1] BoldFish6917: healed themself
[1:33:38 AM] [Q9ARF#1] BoldFish6917: healed themself
[1:35:54 AM] [Q9ARF#1] BoldFish6917: healed themself
[1:37:52 AM] [Q9ARF#1] BoldFish6917: disconnected (Exiting)
[1:38:05 AM] txAdmin: Logger started
[1:39:38 AM] [A8n3r#1] BoldFish6917: joined with identifiers [license:fd3a…8b47, discord:2986…0832, fivem:916320, license2:fd3a…8b47]
[1:40:44 AM] [A8n3r#1] BoldFish6917: enabled noclip
[1:40:45 AM] [A8n3r#1] BoldFish6917: became mortal (standard mode)
[1:40:46 AM] [A8n3r#1] BoldFish6917: teleported to a waypoint
[1:53:01 AM] [A8n3r#1] BoldFish6917: healed themself
[1:53:32 AM] [A8n3r#1] BoldFish6917: enabled super jump
[1:53:37 AM] [A8n3r#1] BoldFish6917: boosted their vehicle
[1:55:14 AM] [A8n3r#1] BoldFish6917: became mortal (standard mode)
[1:55:21 AM] [A8n3r#1] BoldFish6917: enabled noclip
[1:55:26 AM] [A8n3r#1] BoldFish6917: became mortal (standard mode)
[2:05:55 AM] [A8n3r#1] BoldFish6917: disconnected (Exiting)
================================================================
======== txAdmin v8.1.1 atop fxserver 32561 Starting - 7/15/2026, 4:09:48 AM
================================================================
[4:10:16 AM] txAdmin: Logger started
[4:13:02 AM] [4xYbW#1] BoldFish6917: joined with identifiers [license:fd3a…8b47, discord:2986…0832, fivem:916320, license2:fd3a…8b47]
[4:13:46 AM] [4xYbW#1] BoldFish6917: healed themself
[4:26:05 AM] [4xYbW#1] BoldFish6917: disconnected (Exiting)
[4:26:20 AM] txAdmin: Logger started
[4:27:27 AM] [RefKN#1] BoldFish6917: joined with identifiers [license:fd3a…8b47, discord:2986…0832, fivem:916320, license2:fd3a…8b47]
[4:37:25 AM] [RefKN#1] BoldFish6917: enabled noclip
[4:37:26 AM] [RefKN#1] BoldFish6917: became mortal (standard mode)
[4:37:34 AM] [RefKN#1] BoldFish6917: enabled noclip
[4:37:39 AM] [RefKN#1] BoldFish6917: became mortal (standard mode)
[4:47:03 AM] [RefKN#1] BoldFish6917: enabled noclip
[4:47:09 AM] [RefKN#1] BoldFish6917: became mortal (standard mode)
[4:47:17 AM] [RefKN#1] BoldFish6917: enabled noclip
[4:47:20 AM] [RefKN#1] BoldFish6917: became mortal (standard mode)
[4:51:18 AM] [RefKN#1] BoldFish6917: enabled noclip
[4:51:19 AM] [RefKN#1] BoldFish6917: became mortal (standard mode)
[5:00:45 AM] [RefKN#1] BoldFish6917: disconnected (Exiting)
================================================================
======== txAdmin v8.1.1 atop fxserver 32561 Starting - 7/15/2026, 6:01:04 PM
================================================================
[6:01:38 PM] txAdmin: Logger started
[6:03:39 PM] [zazfw#1] BoldFish6917: joined with identifiers [license:fd3a…8b47, discord:2986…0832, fivem:916320, license2:fd3a…8b47]
[6:05:55 PM] [zazfw#1] BoldFish6917: healed themself
[6:24:27 PM] [zazfw#1] BoldFish6917: disconnected (Exiting)
[6:24:39 PM] txAdmin: Logger started
[6:25:20 PM] [YEiwP#1] BoldFish6917: joined with identifiers [license:fd3a…8b47, discord:2986…0832, fivem:916320, license2:fd3a…8b47]
[6:26:26 PM] [YEiwP#1] BoldFish6917: disconnected (Exiting)
[6:27:01 PM] [YEiwP#2] BoldFish6917: joined with identifiers [license:fd3a…8b47, discord:2986…0832, fivem:916320, license2:fd3a…8b47]
[6:27:45 PM] [YEiwP#2] BoldFish6917: healed themself
[6:30:37 PM] [YEiwP#2] BoldFish6917: disconnected (Exiting)
[6:31:29 PM] [YEiwP#3] BoldFish6917: joined with identifiers [license:fd3a…8b47, discord:2986…0832, fivem:916320, license2:fd3a…8b47]
[6:33:40 PM] [YEiwP#3] BoldFish6917: disconnected (Exiting)
[6:34:08 PM] txAdmin: Logger started
[6:34:38 PM] [iwGWX#1] BoldFish6917: joined with identifiers [license:fd3a…8b47, discord:2986…0832, fivem:916320, license2:fd3a…8b47]
[6:39:58 PM] [iwGWX#1] BoldFish6917: teleported to a waypoint
[7:22:21 PM] [iwGWX#1] BoldFish6917: healed themself
[7:22:32 PM] [iwGWX#1] BoldFish6917: healed themself
[7:42:40 PM] [iwGWX#1] BoldFish6917: disconnected (Exiting)
